<html>
<head>
<title>TestNG:  Default test</title>
<link href="../testng.css" rel="stylesheet" type="text/css" />
<link href="../my-testng.css" rel="stylesheet" type="text/css" />

<style type="text/css">
.log { display: none;} 
.stack-trace { display: none;} 
</style>
<script type="text/javascript">
<!--
function flip(e) {
  current = e.style.display;
  if (current == 'block') {
    e.style.display = 'none';
    return 0;
  }
  else {
    e.style.display = 'block';
    return 1;
  }
}

function toggleBox(szDivId, elem, msg1, msg2)
{
  var res = -1;  if (document.getElementById) {
    res = flip(document.getElementById(szDivId));
  }
  else if (document.all) {
    // this is the way old msie versions work
    res = flip(document.all[szDivId]);
  }
  if(elem) {
    if(res == 0) elem.innerHTML = msg1; else elem.innerHTML = msg2;
  }

}

function toggleAllBoxes() {
  if (document.getElementsByTagName) {
    d = document.getElementsByTagName('div');
    for (i = 0; i < d.length; i++) {
      if (d[i].className == 'log') {
        flip(d[i]);
      }
    }
  }
}

// -->
</script>

</head>
<body>
<h2 align='center'>Default test</h2><table border='1' align="center">
<tr>
<td>Tests passed/Failed/Skipped:</td><td>12/4/0</td>
</tr><tr>
<td>Started on:</td><td>Mon Aug 12 11:21:39 CEST 2024</td>
</tr>
<tr><td>Total time:</td><td>128 seconds (128943 ms)</td>
</tr><tr>
<td>Included groups:</td><td></td>
</tr><tr>
<td>Excluded groups:</td><td></td>
</tr>
</table><p/>
<small><i>(Hover the method name to see the test class name)</i></small><p/>
<table width='100%' border='1' class='invocation-failed'>
<tr><td colspan='4' align='center'><b>FAILED TESTS</b></td></tr>
<tr><td><b>Test method</b></td>
<td><b>Attribute(s)</b></td>
<td width="30%"><b>Exception</b></td>
<td width="10%"><b>Time (seconds)</b></td>
<td><b>Instance</b></td>
</tr>
<tr>
<td title='runner.RunCuke.runScenario()'><b>runScenario</b><br>Test class: runner.RunCuke<br>Test method: Runs Cucumber Scenarios<br>Parameters: "verify all products and detail page", "test scratch"</td>
<td><div><pre>java.lang.AssertionError: expected [https://www.automationexercise.com/product_details/16] but found [https://www.automationexercise.com/product_details/19]
	at org.testng.Assert.fail(Assert.java:111)
	at org.testng.Assert.failNotEquals(Assert.java:1578)
	at org.testng.Assert.assertEqualsImpl(Assert.java:150)
	at org.testng.Assert.assertEquals(Assert.java:132)
	at org.testng.Assert.assertEquals(Assert.java:656)
	at org.testng.Assert.assertEquals(Assert.java:666)
	at com.myshopping.base.BasePage.checkUrl(BasePage.java:99)
	at StepDefinitions.ProductSteps.is_displayed(ProductSteps.java:41)
	at ✽.&apos;https://www.automationexercise.com/product_details/16&apos; is displayed(file:///C:/Users/nguye/eclipse-workspace/MyShopping/src/test/resources/features/test.feature:11)
</pre></div><a href='#' onClick='toggleBox("stack-trace556534527", this, "Click to show all stack frames", "Click to hide stack frames")'>Click to show all stack frames</a>
<div class='stack-trace' id='stack-trace556534527'><pre>java.lang.AssertionError: expected [https://www.automationexercise.com/product_details/16] but found [https://www.automationexercise.com/product_details/19]
	at org.testng.Assert.fail(Assert.java:111)
	at org.testng.Assert.failNotEquals(Assert.java:1578)
	at org.testng.Assert.assertEqualsImpl(Assert.java:150)
	at org.testng.Assert.assertEquals(Assert.java:132)
	at org.testng.Assert.assertEquals(Assert.java:656)
	at org.testng.Assert.assertEquals(Assert.java:666)
	at com.myshopping.base.BasePage.checkUrl(BasePage.java:99)
	at StepDefinitions.ProductSteps.is_displayed(ProductSteps.java:41)
	at ✽.&apos;https://www.automationexercise.com/product_details/16&apos; is displayed(file:///C:/Users/nguye/eclipse-workspace/MyShopping/src/test/resources/features/test.feature:11)
</pre></div></td>
<td>6</td>
<td>runner.RunCuke@660acfb</td></tr>
<tr>
<td title='runner.RunCuke.runScenario()'><b>runScenario</b><br>Test class: runner.RunCuke<br>Test method: Runs Cucumber Scenarios<br>Parameters: "verify all products and detail page", "Check product page fucntionality"</td>
<td><div><pre>java.lang.AssertionError: expected [Sleeves Top and Short - Blue &amp; Pink] but found [Sleeveless Unicorn Patch Gown - Pink]
	at org.testng.Assert.fail(Assert.java:111)
	at org.testng.Assert.failNotEquals(Assert.java:1578)
	at org.testng.Assert.assertEqualsImpl(Assert.java:150)
	at org.testng.Assert.assertEquals(Assert.java:132)
	at org.testng.Assert.assertEquals(Assert.java:656)
	at org.testng.Assert.assertEquals(Assert.java:666)
	at com.myshopping.pages.DetailProductPage.checkDetailProduct(DetailProductPage.java:69)
	at StepDefinitions.ProductSteps.detail_is_visible_name_product_category_women_dress_rs_availability_in_stock_condition_new_brand_madame(ProductSteps.java:70)
	at ✽.detail is visible: &apos;Sleeves Top and Short - Blue &amp; Pink&apos;,&apos;Category: Kids &gt; Dress&apos;,&apos;Rs. 1050&apos;,&apos;Availability: In Stock&apos;,&apos;Condition: New&apos;,&apos;Brand: Allen Solly Junior&apos;(file:///C:/Users/nguye/eclipse-workspace/MyShopping/src/test/resources/features/Product.feature:15)
</pre></div><a href='#' onClick='toggleBox("stack-trace97517255", this, "Click to show all stack frames", "Click to hide stack frames")'>Click to show all stack frames</a>
<div class='stack-trace' id='stack-trace97517255'><pre>java.lang.AssertionError: expected [Sleeves Top and Short - Blue &amp; Pink] but found [Sleeveless Unicorn Patch Gown - Pink]
	at org.testng.Assert.fail(Assert.java:111)
	at org.testng.Assert.failNotEquals(Assert.java:1578)
	at org.testng.Assert.assertEqualsImpl(Assert.java:150)
	at org.testng.Assert.assertEquals(Assert.java:132)
	at org.testng.Assert.assertEquals(Assert.java:656)
	at org.testng.Assert.assertEquals(Assert.java:666)
	at com.myshopping.pages.DetailProductPage.checkDetailProduct(DetailProductPage.java:69)
	at StepDefinitions.ProductSteps.detail_is_visible_name_product_category_women_dress_rs_availability_in_stock_condition_new_brand_madame(ProductSteps.java:70)
	at ✽.detail is visible: &apos;Sleeves Top and Short - Blue &amp; Pink&apos;,&apos;Category: Kids &gt; Dress&apos;,&apos;Rs. 1050&apos;,&apos;Availability: In Stock&apos;,&apos;Condition: New&apos;,&apos;Brand: Allen Solly Junior&apos;(file:///C:/Users/nguye/eclipse-workspace/MyShopping/src/test/resources/features/Product.feature:15)
</pre></div></td>
<td>7</td>
<td>runner.RunCuke@660acfb</td></tr>
<tr>
<td title='runner.RunCuke.runScenario()'><b>runScenario</b><br>Test class: runner.RunCuke<br>Test method: Runs Cucumber Scenarios<br>Parameters: "verify all products and detail page", "test scratch"</td>
<td><div><pre>java.lang.AssertionError: expected [Sleeveless Dress] but found [Men Tshirt]
	at org.testng.Assert.fail(Assert.java:111)
	at org.testng.Assert.failNotEquals(Assert.java:1578)
	at org.testng.Assert.assertEqualsImpl(Assert.java:150)
	at org.testng.Assert.assertEquals(Assert.java:132)
	at org.testng.Assert.assertEquals(Assert.java:656)
	at org.testng.Assert.assertEquals(Assert.java:666)
	at com.myshopping.pages.DetailProductPage.checkDetailProduct(DetailProductPage.java:69)
	at StepDefinitions.ProductSteps.detail_is_visible_name_product_category_women_dress_rs_availability_in_stock_condition_new_brand_madame(ProductSteps.java:70)
	at ✽.detail is visible: &apos;Sleeveless Dress&apos;,&apos;Category: Women &gt; Dress&apos;,&apos;Rs. 1000&apos;,&apos;Availability: In Stock&apos;,&apos;Condition: New&apos;,&apos;Brand: Madame&apos;(file:///C:/Users/nguye/eclipse-workspace/MyShopping/src/test/resources/features/test.feature:12)
</pre></div><a href='#' onClick='toggleBox("stack-trace998481768", this, "Click to show all stack frames", "Click to hide stack frames")'>Click to show all stack frames</a>
<div class='stack-trace' id='stack-trace998481768'><pre>java.lang.AssertionError: expected [Sleeveless Dress] but found [Men Tshirt]
	at org.testng.Assert.fail(Assert.java:111)
	at org.testng.Assert.failNotEquals(Assert.java:1578)
	at org.testng.Assert.assertEqualsImpl(Assert.java:150)
	at org.testng.Assert.assertEquals(Assert.java:132)
	at org.testng.Assert.assertEquals(Assert.java:656)
	at org.testng.Assert.assertEquals(Assert.java:666)
	at com.myshopping.pages.DetailProductPage.checkDetailProduct(DetailProductPage.java:69)
	at StepDefinitions.ProductSteps.detail_is_visible_name_product_category_women_dress_rs_availability_in_stock_condition_new_brand_madame(ProductSteps.java:70)
	at ✽.detail is visible: &apos;Sleeveless Dress&apos;,&apos;Category: Women &gt; Dress&apos;,&apos;Rs. 1000&apos;,&apos;Availability: In Stock&apos;,&apos;Condition: New&apos;,&apos;Brand: Madame&apos;(file:///C:/Users/nguye/eclipse-workspace/MyShopping/src/test/resources/features/test.feature:12)
</pre></div></td>
<td>6</td>
<td>runner.RunCuke@660acfb</td></tr>
<tr>
<td title='runner.RunCuke.runScenario()'><b>runScenario</b><br>Test class: runner.RunCuke<br>Test method: Runs Cucumber Scenarios<br>Parameters: "Verify user adds product to cart from detail product page", "Verify Add to Cart functionality"</td>
<td><div><pre>java.lang.AssertionError: expected [Rs. 30000] but found [Rs. 3000]
	at org.testng.Assert.fail(Assert.java:111)
	at org.testng.Assert.failNotEquals(Assert.java:1578)
	at org.testng.Assert.assertEqualsImpl(Assert.java:150)
	at org.testng.Assert.assertEquals(Assert.java:132)
	at org.testng.Assert.assertEquals(Assert.java:656)
	at org.testng.Assert.assertEquals(Assert.java:666)
	at com.myshopping.pages.CartPage.checkProductAddToCart(CartPage.java:44)
	at StepDefinitions.AddToCartSteps.check_detail_products_are_displayed_correctly(AddToCartSteps.java:44)
	at ✽.check detail products are displayed correctly(file:///C:/Users/nguye/eclipse-workspace/MyShopping/src/test/resources/features/AddToCart.feature:24)
</pre></div><a href='#' onClick='toggleBox("stack-trace687608114", this, "Click to show all stack frames", "Click to hide stack frames")'>Click to show all stack frames</a>
<div class='stack-trace' id='stack-trace687608114'><pre>java.lang.AssertionError: expected [Rs. 30000] but found [Rs. 3000]
	at org.testng.Assert.fail(Assert.java:111)
	at org.testng.Assert.failNotEquals(Assert.java:1578)
	at org.testng.Assert.assertEqualsImpl(Assert.java:150)
	at org.testng.Assert.assertEquals(Assert.java:132)
	at org.testng.Assert.assertEquals(Assert.java:656)
	at org.testng.Assert.assertEquals(Assert.java:666)
	at com.myshopping.pages.CartPage.checkProductAddToCart(CartPage.java:44)
	at StepDefinitions.AddToCartSteps.check_detail_products_are_displayed_correctly(AddToCartSteps.java:44)
	at ✽.check detail products are displayed correctly(file:///C:/Users/nguye/eclipse-workspace/MyShopping/src/test/resources/features/AddToCart.feature:24)
</pre></div></td>
<td>8</td>
<td>runner.RunCuke@660acfb</td></tr>
</table><p>
<table width='100%' border='1' class='invocation-passed'>
<tr><td colspan='4' align='center'><b>PASSED TESTS</b></td></tr>
<tr><td><b>Test method</b></td>
<td><b>Attribute(s)</b></td>
<td width="30%"><b>Exception</b></td>
<td width="10%"><b>Time (seconds)</b></td>
<td><b>Instance</b></td>
</tr>
<tr>
<td title='runner.RunCuke.runScenario()'><b>runScenario</b><br>Test class: runner.RunCuke<br>Test method: Runs Cucumber Scenarios<br>Parameters: "Login User with correct email and password", "Check Login fucntionality"</td>
<td></td>
<td>5</td>
<td>runner.RunCuke@660acfb</td></tr>
<tr>
<td title='runner.RunCuke.runScenario()'><b>runScenario</b><br>Test class: runner.RunCuke<br>Test method: Runs Cucumber Scenarios<br>Parameters: "verify all products and detail page", "Check product page fucntionality"</td>
<td></td>
<td>6</td>
<td>runner.RunCuke@660acfb</td></tr>
<tr>
<td title='runner.RunCuke.runScenario()'><b>runScenario</b><br>Test class: runner.RunCuke<br>Test method: Runs Cucumber Scenarios<br>Parameters: "Register User with existing email", "check register functionalty"</td>
<td></td>
<td>5</td>
<td>runner.RunCuke@660acfb</td></tr>
<tr>
<td title='runner.RunCuke.runScenario()'><b>runScenario</b><br>Test class: runner.RunCuke<br>Test method: Runs Cucumber Scenarios<br>Parameters: "delete account successful", "check register functionalty"</td>
<td></td>
<td>7</td>
<td>runner.RunCuke@660acfb</td></tr>
<tr>
<td title='runner.RunCuke.runScenario()'><b>runScenario</b><br>Test class: runner.RunCuke<br>Test method: Runs Cucumber Scenarios<br>Parameters: "Login User with incorrect email and password", "Check Login fucntionality"</td>
<td></td>
<td>5</td>
<td>runner.RunCuke@660acfb</td></tr>
<tr>
<td title='runner.RunCuke.runScenario()'><b>runScenario</b><br>Test class: runner.RunCuke<br>Test method: Runs Cucumber Scenarios<br>Parameters: "Verify search product functionality", "Check product page fucntionality"</td>
<td></td>
<td>26</td>
<td>runner.RunCuke@660acfb</td></tr>
<tr>
<td title='runner.RunCuke.runScenario()'><b>runScenario</b><br>Test class: runner.RunCuke<br>Test method: Runs Cucumber Scenarios<br>Parameters: "Verify search product functionality", "Check product page fucntionality"</td>
<td></td>
<td>5</td>
<td>runner.RunCuke@660acfb</td></tr>
<tr>
<td title='runner.RunCuke.runScenario()'><b>runScenario</b><br>Test class: runner.RunCuke<br>Test method: Runs Cucumber Scenarios<br>Parameters: "user logout successful", "Check Login fucntionality"</td>
<td></td>
<td>6</td>
<td>runner.RunCuke@660acfb</td></tr>
<tr>
<td title='runner.RunCuke.runScenario()'><b>runScenario</b><br>Test class: runner.RunCuke<br>Test method: Runs Cucumber Scenarios<br>Parameters: "Register user successful", "check register functionalty"</td>
<td></td>
<td>10</td>
<td>runner.RunCuke@660acfb</td></tr>
<tr>
<td title='runner.RunCuke.runScenario()'><b>runScenario</b><br>Test class: runner.RunCuke<br>Test method: Runs Cucumber Scenarios<br>Parameters: "Verify user adds product to cart from product page", "Verify Add to Cart functionality"</td>
<td></td>
<td>8</td>
<td>runner.RunCuke@660acfb</td></tr>
<tr>
<td title='runner.RunCuke.runScenario()'><b>runScenario</b><br>Test class: runner.RunCuke<br>Test method: Runs Cucumber Scenarios<br>Parameters: "Verify search product functionality", "Check product page fucntionality"</td>
<td></td>
<td>5</td>
<td>runner.RunCuke@660acfb</td></tr>
<tr>
<td title='runner.RunCuke.runScenario()'><b>runScenario</b><br>Test class: runner.RunCuke<br>Test method: Runs Cucumber Scenarios<br>Parameters: "Verify search product functionality", "Check product page fucntionality"</td>
<td></td>
<td>5</td>
<td>runner.RunCuke@660acfb</td></tr>
</table><p>
</body>
</html>