<?xml version="1.0" encoding="UTF-8"?>
<testng-results ignored="0" total="16" passed="12" failed="4" skipped="0">
  <reporter-output>
  </reporter-output>
  <suite started-at="2024-08-12T11:21:39 CEST" name="Default suite" finished-at="2024-08-12T11:23:48 CEST" duration-ms="128943">
    <groups>
      <group name="cucumber">
        <method signature="AbstractTestNGCucumberTests.runScenario(io.cucumber.testng.PickleWrapper,io.cucumber.testng.FeatureWrapper)[pri:0, instance:runner.RunCuke@660acfb]" name="runScenario" class="io.cucumber.testng.AbstractTestNGCucumberTests"/>
      </group> <!-- cucumber -->
    </groups>
    <test started-at="2024-08-12T11:21:39 CEST" name="Default test" finished-at="2024-08-12T11:23:48 CEST" duration-ms="128943">
      <class name="runner.RunCuke">
        <test-method is-config="true" signature="setUpClass(org.testng.ITestContext)[pri:0, instance:runner.RunCuke@660acfb]" started-at="2024-08-12T11:21:39 CEST" name="setUpClass" finished-at="2024-08-12T11:21:40 CEST" duration-ms="701" status="PASS">
          <params>
            <param index="0">
              <value>
                <![CDATA[org.testng.TestRunner@6f89ad03]]>
              </value>
            </param>
          </params>
          <reporter-output>
          </reporter-output>
        </test-method> <!-- setUpClass -->
        <test-method signature="runScenario(io.cucumber.testng.PickleWrapper,io.cucumber.testng.FeatureWrapper)[pri:0, instance:runner.RunCuke@660acfb]" started-at="2024-08-12T11:21:40 CEST" name="runScenario" description="Runs Cucumber Scenarios" data-provider="scenarios" finished-at="2024-08-12T11:21:48 CEST" duration-ms="8510" status="PASS">
          <params>
            <param index="0">
              <value>
                <![CDATA["Verify user adds product to cart from product page"]]>
              </value>
            </param>
            <param index="1">
              <value>
                <![CDATA["Verify Add to Cart functionality"]]>
              </value>
            </param>
          </params>
          <reporter-output>
          </reporter-output>
        </test-method> <!-- runScenario -->
        <test-method signature="runScenario(io.cucumber.testng.PickleWrapper,io.cucumber.testng.FeatureWrapper)[pri:0, instance:runner.RunCuke@660acfb]" started-at="2024-08-12T11:21:48 CEST" name="runScenario" description="Runs Cucumber Scenarios" data-provider="scenarios" finished-at="2024-08-12T11:21:57 CEST" duration-ms="8487" status="FAIL">
          <params>
            <param index="0">
              <value>
                <![CDATA["Verify user adds product to cart from detail product page"]]>
              </value>
            </param>
            <param index="1">
              <value>
                <![CDATA["Verify Add to Cart functionality"]]>
              </value>
            </param>
          </params>
          <exception class="java.lang.AssertionError">
            <message>
              <![CDATA[expected [Rs. 30000] but found [Rs. 3000]]]>
            </message>
            <full-stacktrace>
              <![CDATA[java.lang.AssertionError: expected [Rs. 30000] but found [Rs. 3000]
at org.testng.Assert.fail(Assert.java:111)
at org.testng.Assert.failNotEquals(Assert.java:1578)
at org.testng.Assert.assertEqualsImpl(Assert.java:150)
at org.testng.Assert.assertEquals(Assert.java:132)
at org.testng.Assert.assertEquals(Assert.java:656)
at org.testng.Assert.assertEquals(Assert.java:666)
at com.myshopping.pages.CartPage.checkProductAddToCart(CartPage.java:44)
at StepDefinitions.AddToCartSteps.check_detail_products_are_displayed_correctly(AddToCartSteps.java:44)
at ✽.check detail products are displayed correctly(file:///C:/Users/nguye/eclipse-workspace/MyShopping/src/test/resources/features/AddToCart.feature:24)
]]>
            </full-stacktrace>
          </exception> <!-- java.lang.AssertionError -->
          <reporter-output>
          </reporter-output>
        </test-method> <!-- runScenario -->
        <test-method signature="runScenario(io.cucumber.testng.PickleWrapper,io.cucumber.testng.FeatureWrapper)[pri:0, instance:runner.RunCuke@660acfb]" started-at="2024-08-12T11:21:57 CEST" name="runScenario" description="Runs Cucumber Scenarios" data-provider="scenarios" finished-at="2024-08-12T11:22:03 CEST" duration-ms="5954" status="PASS">
          <params>
            <param index="0">
              <value>
                <![CDATA["Login User with correct email and password"]]>
              </value>
            </param>
            <param index="1">
              <value>
                <![CDATA["Check Login fucntionality"]]>
              </value>
            </param>
          </params>
          <reporter-output>
          </reporter-output>
        </test-method> <!-- runScenario -->
        <test-method signature="runScenario(io.cucumber.testng.PickleWrapper,io.cucumber.testng.FeatureWrapper)[pri:0, instance:runner.RunCuke@660acfb]" started-at="2024-08-12T11:22:03 CEST" name="runScenario" description="Runs Cucumber Scenarios" data-provider="scenarios" finished-at="2024-08-12T11:22:08 CEST" duration-ms="5019" status="PASS">
          <params>
            <param index="0">
              <value>
                <![CDATA["Login User with incorrect email and password"]]>
              </value>
            </param>
            <param index="1">
              <value>
                <![CDATA["Check Login fucntionality"]]>
              </value>
            </param>
          </params>
          <reporter-output>
          </reporter-output>
        </test-method> <!-- runScenario -->
        <test-method signature="runScenario(io.cucumber.testng.PickleWrapper,io.cucumber.testng.FeatureWrapper)[pri:0, instance:runner.RunCuke@660acfb]" started-at="2024-08-12T11:22:08 CEST" name="runScenario" description="Runs Cucumber Scenarios" data-provider="scenarios" finished-at="2024-08-12T11:22:14 CEST" duration-ms="6433" status="PASS">
          <params>
            <param index="0">
              <value>
                <![CDATA["user logout successful"]]>
              </value>
            </param>
            <param index="1">
              <value>
                <![CDATA["Check Login fucntionality"]]>
              </value>
            </param>
          </params>
          <reporter-output>
          </reporter-output>
        </test-method> <!-- runScenario -->
        <test-method signature="runScenario(io.cucumber.testng.PickleWrapper,io.cucumber.testng.FeatureWrapper)[pri:0, instance:runner.RunCuke@660acfb]" started-at="2024-08-12T11:22:14 CEST" name="runScenario" description="Runs Cucumber Scenarios" data-provider="scenarios" finished-at="2024-08-12T11:22:20 CEST" duration-ms="6089" status="PASS">
          <params>
            <param index="0">
              <value>
                <![CDATA["verify all products and detail page"]]>
              </value>
            </param>
            <param index="1">
              <value>
                <![CDATA["Check product page fucntionality"]]>
              </value>
            </param>
          </params>
          <reporter-output>
          </reporter-output>
        </test-method> <!-- runScenario -->
        <test-method signature="runScenario(io.cucumber.testng.PickleWrapper,io.cucumber.testng.FeatureWrapper)[pri:0, instance:runner.RunCuke@660acfb]" started-at="2024-08-12T11:22:20 CEST" name="runScenario" description="Runs Cucumber Scenarios" data-provider="scenarios" finished-at="2024-08-12T11:22:27 CEST" duration-ms="7357" status="FAIL">
          <params>
            <param index="0">
              <value>
                <![CDATA["verify all products and detail page"]]>
              </value>
            </param>
            <param index="1">
              <value>
                <![CDATA["Check product page fucntionality"]]>
              </value>
            </param>
          </params>
          <exception class="java.lang.AssertionError">
            <message>
              <![CDATA[expected [Sleeves Top and Short - Blue & Pink] but found [Sleeveless Unicorn Patch Gown - Pink]]]>
            </message>
            <full-stacktrace>
              <![CDATA[java.lang.AssertionError: expected [Sleeves Top and Short - Blue & Pink] but found [Sleeveless Unicorn Patch Gown - Pink]
at org.testng.Assert.fail(Assert.java:111)
at org.testng.Assert.failNotEquals(Assert.java:1578)
at org.testng.Assert.assertEqualsImpl(Assert.java:150)
at org.testng.Assert.assertEquals(Assert.java:132)
at org.testng.Assert.assertEquals(Assert.java:656)
at org.testng.Assert.assertEquals(Assert.java:666)
at com.myshopping.pages.DetailProductPage.checkDetailProduct(DetailProductPage.java:69)
at StepDefinitions.ProductSteps.detail_is_visible_name_product_category_women_dress_rs_availability_in_stock_condition_new_brand_madame(ProductSteps.java:70)
at ✽.detail is visible: 'Sleeves Top and Short - Blue & Pink','Category: Kids > Dress','Rs. 1050','Availability: In Stock','Condition: New','Brand: Allen Solly Junior'(file:///C:/Users/nguye/eclipse-workspace/MyShopping/src/test/resources/features/Product.feature:15)
]]>
            </full-stacktrace>
          </exception> <!-- java.lang.AssertionError -->
          <reporter-output>
          </reporter-output>
        </test-method> <!-- runScenario -->
        <test-method signature="runScenario(io.cucumber.testng.PickleWrapper,io.cucumber.testng.FeatureWrapper)[pri:0, instance:runner.RunCuke@660acfb]" started-at="2024-08-12T11:22:27 CEST" name="runScenario" description="Runs Cucumber Scenarios" data-provider="scenarios" finished-at="2024-08-12T11:22:33 CEST" duration-ms="5699" status="PASS">
          <params>
            <param index="0">
              <value>
                <![CDATA["Verify search product functionality"]]>
              </value>
            </param>
            <param index="1">
              <value>
                <![CDATA["Check product page fucntionality"]]>
              </value>
            </param>
          </params>
          <reporter-output>
          </reporter-output>
        </test-method> <!-- runScenario -->
        <test-method signature="runScenario(io.cucumber.testng.PickleWrapper,io.cucumber.testng.FeatureWrapper)[pri:0, instance:runner.RunCuke@660acfb]" started-at="2024-08-12T11:22:33 CEST" name="runScenario" description="Runs Cucumber Scenarios" data-provider="scenarios" finished-at="2024-08-12T11:22:38 CEST" duration-ms="5325" status="PASS">
          <params>
            <param index="0">
              <value>
                <![CDATA["Verify search product functionality"]]>
              </value>
            </param>
            <param index="1">
              <value>
                <![CDATA["Check product page fucntionality"]]>
              </value>
            </param>
          </params>
          <reporter-output>
          </reporter-output>
        </test-method> <!-- runScenario -->
        <test-method signature="runScenario(io.cucumber.testng.PickleWrapper,io.cucumber.testng.FeatureWrapper)[pri:0, instance:runner.RunCuke@660acfb]" started-at="2024-08-12T11:22:38 CEST" name="runScenario" description="Runs Cucumber Scenarios" data-provider="scenarios" finished-at="2024-08-12T11:22:44 CEST" duration-ms="5583" status="PASS">
          <params>
            <param index="0">
              <value>
                <![CDATA["Verify search product functionality"]]>
              </value>
            </param>
            <param index="1">
              <value>
                <![CDATA["Check product page fucntionality"]]>
              </value>
            </param>
          </params>
          <reporter-output>
          </reporter-output>
        </test-method> <!-- runScenario -->
        <test-method signature="runScenario(io.cucumber.testng.PickleWrapper,io.cucumber.testng.FeatureWrapper)[pri:0, instance:runner.RunCuke@660acfb]" started-at="2024-08-12T11:22:44 CEST" name="runScenario" description="Runs Cucumber Scenarios" data-provider="scenarios" finished-at="2024-08-12T11:23:10 CEST" duration-ms="26211" status="PASS">
          <params>
            <param index="0">
              <value>
                <![CDATA["Verify search product functionality"]]>
              </value>
            </param>
            <param index="1">
              <value>
                <![CDATA["Check product page fucntionality"]]>
              </value>
            </param>
          </params>
          <reporter-output>
          </reporter-output>
        </test-method> <!-- runScenario -->
        <test-method signature="runScenario(io.cucumber.testng.PickleWrapper,io.cucumber.testng.FeatureWrapper)[pri:0, instance:runner.RunCuke@660acfb]" started-at="2024-08-12T11:23:10 CEST" name="runScenario" description="Runs Cucumber Scenarios" data-provider="scenarios" finished-at="2024-08-12T11:23:21 CEST" duration-ms="10652" status="PASS">
          <params>
            <param index="0">
              <value>
                <![CDATA["Register user successful"]]>
              </value>
            </param>
            <param index="1">
              <value>
                <![CDATA["check register functionalty"]]>
              </value>
            </param>
          </params>
          <reporter-output>
          </reporter-output>
        </test-method> <!-- runScenario -->
        <test-method signature="runScenario(io.cucumber.testng.PickleWrapper,io.cucumber.testng.FeatureWrapper)[pri:0, instance:runner.RunCuke@660acfb]" started-at="2024-08-12T11:23:21 CEST" name="runScenario" description="Runs Cucumber Scenarios" data-provider="scenarios" finished-at="2024-08-12T11:23:26 CEST" duration-ms="5474" status="PASS">
          <params>
            <param index="0">
              <value>
                <![CDATA["Register User with existing email"]]>
              </value>
            </param>
            <param index="1">
              <value>
                <![CDATA["check register functionalty"]]>
              </value>
            </param>
          </params>
          <reporter-output>
          </reporter-output>
        </test-method> <!-- runScenario -->
        <test-method signature="runScenario(io.cucumber.testng.PickleWrapper,io.cucumber.testng.FeatureWrapper)[pri:0, instance:runner.RunCuke@660acfb]" started-at="2024-08-12T11:23:26 CEST" name="runScenario" description="Runs Cucumber Scenarios" data-provider="scenarios" finished-at="2024-08-12T11:23:34 CEST" duration-ms="7906" status="PASS">
          <params>
            <param index="0">
              <value>
                <![CDATA["delete account successful"]]>
              </value>
            </param>
            <param index="1">
              <value>
                <![CDATA["check register functionalty"]]>
              </value>
            </param>
          </params>
          <reporter-output>
          </reporter-output>
        </test-method> <!-- runScenario -->
        <test-method signature="runScenario(io.cucumber.testng.PickleWrapper,io.cucumber.testng.FeatureWrapper)[pri:0, instance:runner.RunCuke@660acfb]" started-at="2024-08-12T11:23:34 CEST" name="runScenario" description="Runs Cucumber Scenarios" data-provider="scenarios" finished-at="2024-08-12T11:23:41 CEST" duration-ms="6631" status="FAIL">
          <params>
            <param index="0">
              <value>
                <![CDATA["verify all products and detail page"]]>
              </value>
            </param>
            <param index="1">
              <value>
                <![CDATA["test scratch"]]>
              </value>
            </param>
          </params>
          <exception class="java.lang.AssertionError">
            <message>
              <![CDATA[expected [Sleeveless Dress] but found [Men Tshirt]]]>
            </message>
            <full-stacktrace>
              <![CDATA[java.lang.AssertionError: expected [Sleeveless Dress] but found [Men Tshirt]
at org.testng.Assert.fail(Assert.java:111)
at org.testng.Assert.failNotEquals(Assert.java:1578)
at org.testng.Assert.assertEqualsImpl(Assert.java:150)
at org.testng.Assert.assertEquals(Assert.java:132)
at org.testng.Assert.assertEquals(Assert.java:656)
at org.testng.Assert.assertEquals(Assert.java:666)
at com.myshopping.pages.DetailProductPage.checkDetailProduct(DetailProductPage.java:69)
at StepDefinitions.ProductSteps.detail_is_visible_name_product_category_women_dress_rs_availability_in_stock_condition_new_brand_madame(ProductSteps.java:70)
at ✽.detail is visible: 'Sleeveless Dress','Category: Women > Dress','Rs. 1000','Availability: In Stock','Condition: New','Brand: Madame'(file:///C:/Users/nguye/eclipse-workspace/MyShopping/src/test/resources/features/test.feature:12)
]]>
            </full-stacktrace>
          </exception> <!-- java.lang.AssertionError -->
          <reporter-output>
          </reporter-output>
        </test-method> <!-- runScenario -->
        <test-method signature="runScenario(io.cucumber.testng.PickleWrapper,io.cucumber.testng.FeatureWrapper)[pri:0, instance:runner.RunCuke@660acfb]" started-at="2024-08-12T11:23:41 CEST" name="runScenario" description="Runs Cucumber Scenarios" data-provider="scenarios" finished-at="2024-08-12T11:23:48 CEST" duration-ms="6829" status="FAIL">
          <params>
            <param index="0">
              <value>
                <![CDATA["verify all products and detail page"]]>
              </value>
            </param>
            <param index="1">
              <value>
                <![CDATA["test scratch"]]>
              </value>
            </param>
          </params>
          <exception class="java.lang.AssertionError">
            <message>
              <![CDATA[expected [https://www.automationexercise.com/product_details/16] but found [https://www.automationexercise.com/product_details/19]]]>
            </message>
            <full-stacktrace>
              <![CDATA[java.lang.AssertionError: expected [https://www.automationexercise.com/product_details/16] but found [https://www.automationexercise.com/product_details/19]
at org.testng.Assert.fail(Assert.java:111)
at org.testng.Assert.failNotEquals(Assert.java:1578)
at org.testng.Assert.assertEqualsImpl(Assert.java:150)
at org.testng.Assert.assertEquals(Assert.java:132)
at org.testng.Assert.assertEquals(Assert.java:656)
at org.testng.Assert.assertEquals(Assert.java:666)
at com.myshopping.base.BasePage.checkUrl(BasePage.java:99)
at StepDefinitions.ProductSteps.is_displayed(ProductSteps.java:41)
at ✽.'https://www.automationexercise.com/product_details/16' is displayed(file:///C:/Users/nguye/eclipse-workspace/MyShopping/src/test/resources/features/test.feature:11)
]]>
            </full-stacktrace>
          </exception> <!-- java.lang.AssertionError -->
          <reporter-output>
          </reporter-output>
        </test-method> <!-- runScenario -->
        <test-method is-config="true" signature="tearDownClass()[pri:0, instance:runner.RunCuke@660acfb]" started-at="2024-08-12T11:23:48 CEST" name="tearDownClass" finished-at="2024-08-12T11:23:48 CEST" duration-ms="17" status="PASS">
          <reporter-output>
          </reporter-output>
        </test-method> <!-- tearDownClass -->
      </class> <!-- runner.RunCuke -->
    </test> <!-- Default test -->
  </suite> <!-- Default suite -->
</testng-results>
