<?xml version="1.0" encoding="UTF-8"?>
<!-- Generated by org.testng.reporters.JUnitReportReporter -->
<testsuite hostname="Lenovo-AIO" failures="4" tests="16" name="runner.RunCuke" time="128.159" errors="0" timestamp="2024-08-12T11:23:48 CEST" skipped="0">
  <testcase classname="runner.RunCuke" name="runScenario" time="5.954"/>
  <testcase classname="runner.RunCuke" name="runScenario" time="6.089"/>
  <testcase classname="runner.RunCuke" name="runScenario" time="5.474"/>
  <testcase classname="runner.RunCuke" name="runScenario" time="7.906"/>
  <testcase classname="runner.RunCuke" name="runScenario" time="7.357">
    <failure message="expected [Sleeves Top and Short - Blue &amp; Pink] but found [Sleeveless Unicorn Patch Gown - Pink]" type="java.lang.AssertionError">
      <![CDATA[java.lang.AssertionError: expected [Sleeves Top and Short - Blue & Pink] but found [Sleeveless Unicorn Patch Gown - Pink]
at org.testng.Assert.fail(Assert.java:111)
at org.testng.Assert.failNotEquals(Assert.java:1578)
at org.testng.Assert.assertEqualsImpl(Assert.java:150)
at org.testng.Assert.assertEquals(Assert.java:132)
at org.testng.Assert.assertEquals(Assert.java:656)
at org.testng.Assert.assertEquals(Assert.java:666)
at com.myshopping.pages.DetailProductPage.checkDetailProduct(DetailProductPage.java:69)
at StepDefinitions.ProductSteps.detail_is_visible_name_product_category_women_dress_rs_availability_in_stock_condition_new_brand_madame(ProductSteps.java:70)
at ✽.detail is visible: 'Sleeves Top and Short - Blue & Pink','Category: Kids > Dress','Rs. 1050','Availability: In Stock','Condition: New','Brand: Allen Solly Junior'(file:///C:/Users/nguye/eclipse-workspace/MyShopping/src/test/resources/features/Product.feature:15)
]]>
    </failure>
  </testcase> <!-- runScenario -->
  <testcase classname="runner.RunCuke" name="runScenario" time="5.019"/>
  <testcase classname="runner.RunCuke" name="runScenario" time="6.631">
    <failure message="expected [Sleeveless Dress] but found [Men Tshirt]" type="java.lang.AssertionError">
      <![CDATA[java.lang.AssertionError: expected [Sleeveless Dress] but found [Men Tshirt]
at org.testng.Assert.fail(Assert.java:111)
at org.testng.Assert.failNotEquals(Assert.java:1578)
at org.testng.Assert.assertEqualsImpl(Assert.java:150)
at org.testng.Assert.assertEquals(Assert.java:132)
at org.testng.Assert.assertEquals(Assert.java:656)
at org.testng.Assert.assertEquals(Assert.java:666)
at com.myshopping.pages.DetailProductPage.checkDetailProduct(DetailProductPage.java:69)
at StepDefinitions.ProductSteps.detail_is_visible_name_product_category_women_dress_rs_availability_in_stock_condition_new_brand_madame(ProductSteps.java:70)
at ✽.detail is visible: 'Sleeveless Dress','Category: Women > Dress','Rs. 1000','Availability: In Stock','Condition: New','Brand: Madame'(file:///C:/Users/nguye/eclipse-workspace/MyShopping/src/test/resources/features/test.feature:12)
]]>
    </failure>
  </testcase> <!-- runScenario -->
  <testcase classname="runner.RunCuke" name="runScenario" time="8.487">
    <failure message="expected [Rs. 30000] but found [Rs. 3000]" type="java.lang.AssertionError">
      <![CDATA[java.lang.AssertionError: expected [Rs. 30000] but found [Rs. 3000]
at org.testng.Assert.fail(Assert.java:111)
at org.testng.Assert.failNotEquals(Assert.java:1578)
at org.testng.Assert.assertEqualsImpl(Assert.java:150)
at org.testng.Assert.assertEquals(Assert.java:132)
at org.testng.Assert.assertEquals(Assert.java:656)
at org.testng.Assert.assertEquals(Assert.java:666)
at com.myshopping.pages.CartPage.checkProductAddToCart(CartPage.java:44)
at StepDefinitions.AddToCartSteps.check_detail_products_are_displayed_correctly(AddToCartSteps.java:44)
at ✽.check detail products are displayed correctly(file:///C:/Users/nguye/eclipse-workspace/MyShopping/src/test/resources/features/AddToCart.feature:24)
]]>
    </failure>
  </testcase> <!-- runScenario -->
  <testcase classname="runner.RunCuke" name="runScenario" time="26.211"/>
  <testcase classname="runner.RunCuke" name="runScenario" time="6.829">
    <failure message="expected [https://www.automationexercise.com/product_details/16] but found [https://www.automationexercise.com/product_details/19]" type="java.lang.AssertionError">
      <![CDATA[java.lang.AssertionError: expected [https://www.automationexercise.com/product_details/16] but found [https://www.automationexercise.com/product_details/19]
at org.testng.Assert.fail(Assert.java:111)
at org.testng.Assert.failNotEquals(Assert.java:1578)
at org.testng.Assert.assertEqualsImpl(Assert.java:150)
at org.testng.Assert.assertEquals(Assert.java:132)
at org.testng.Assert.assertEquals(Assert.java:656)
at org.testng.Assert.assertEquals(Assert.java:666)
at com.myshopping.base.BasePage.checkUrl(BasePage.java:99)
at StepDefinitions.ProductSteps.is_displayed(ProductSteps.java:41)
at ✽.'https://www.automationexercise.com/product_details/16' is displayed(file:///C:/Users/nguye/eclipse-workspace/MyShopping/src/test/resources/features/test.feature:11)
]]>
    </failure>
  </testcase> <!-- runScenario -->
  <testcase classname="runner.RunCuke" name="runScenario" time="5.699"/>
  <testcase classname="runner.RunCuke" name="runScenario" time="6.433"/>
  <testcase classname="runner.RunCuke" name="runScenario" time="10.652"/>
  <testcase classname="runner.RunCuke" name="runScenario" time="8.510"/>
  <testcase classname="runner.RunCuke" name="runScenario" time="5.325"/>
  <testcase classname="runner.RunCuke" name="runScenario" time="5.583"/>
</testsuite> <!-- runner.RunCuke -->
